# JRE version: OpenJDK Runtime Environment 18.9 (11.0.13+8) (build 11.0.13+8)
# Java VM: OpenJDK 64-Bit Server VM 18.9 (11.0.13+8, mixed mode, sharing, tiered, compressed oops, g1 gc, linux-amd64)
Heap:
 garbage-first heap   total 48128K, used 35183K [0x0000000088c00000, 0x0000000100000000)
  region size 1024K, 23 young (23552K), 1 survivors (1024K)
 Metaspace       used 29320K, capacity 30660K, committed 30976K, reserved 1077248K
  class space    used 3517K, capacity 4045K, committed 4096K, reserved 1048576K
GC Heap History (20 events):
Event: 42987.786 GC heap after
{Heap after GC invocations=53 (full 2):
 garbage-first heap   total 48128K, used 12814K [0x0000000088c00000, 0x0000000100000000)
  region size 1024K, 1 young (1024K), 1 survivors (1024K)
 Metaspace       used 29315K, capacity 30654K, committed 30976K, reserved 1077248K
  class space    used 3516K, capacity 4043K, committed 4096K, reserved 1048576K
}
Event: 44008.435 GC heap before
{Heap before GC invocations=53 (full 2):
 garbage-first heap   total 48128K, used 37390K [0x0000000088c00000, 0x0000000100000000)
  region size 1024K, 25 young (25600K), 1 survivors (1024K)
 Metaspace       used 29315K, capacity 30654K, committed 30976K, reserved 1077248K
  class space    used 3516K, capacity 4043K, committed 4096K, reserved 1048576K
}
Event: 44008.436 GC heap after
{Heap after GC invocations=54 (full 2):
 garbage-first heap   total 48128K, used 12818K [0x0000000088c00000, 0x0000000100000000)
  region size 1024K, 1 young (1024K), 1 survivors (1024K)
 Metaspace       used 29315K, capacity 30654K, committed 30976K, reserved 1077248K
  class space    used 3516K, capacity 4043K, committed 4096K, reserved 1048576K
}
Event: 45029.091 GC heap before
{Heap before GC invocations=54 (full 2):
 garbage-first heap   total 48128K, used 37394K [0x0000000088c00000, 0x0000000100000000)
  region size 1024K, 25 young (25600K), 1 survivors (1024K)
 Metaspace       used 29315K, capacity 30654K, committed 30976K, reserved 1077248K
  class space    used 3516K, capacity 4043K, committed 4096K, reserved 1048576K
}
Event: 45029.092 GC heap after
{Heap after GC invocations=55 (full 2):
 garbage-first heap   total 48128K, used 12816K [0x0000000088c00000, 0x0000000100000000)
  region size 1024K, 1 young (1024K), 1 survivors (1024K)
 Metaspace       used 29315K, capacity 30654K, committed 30976K, reserved 1077248K
  class space    used 3516K, capacity 4043K, committed 4096K, reserved 1048576K
}
Event: 46050.743 GC heap before
{Heap before GC invocations=55 (full 2):
 garbage-first heap   total 48128K, used 37392K [0x0000000088c00000, 0x0000000100000000)
  region size 1024K, 25 young (25600K), 1 survivors (1024K)
 Metaspace       used 29315K, capacity 30654K, committed 30976K, reserved 1077248K
  class space    used 3516K, capacity 4043K, committed 4096K, reserved 1048576K
}
Event: 46050.744 GC heap after
{Heap after GC invocations=56 (full 2):
 garbage-first heap   total 48128K, used 12820K [0x0000000088c00000, 0x0000000100000000)
  region size 1024K, 1 young (1024K), 1 survivors (1024K)
 Metaspace       used 29315K, capacity 30654K, committed 30976K, reserved 1077248K
  class space    used 3516K, capacity 4043K, committed 4096K, reserved 1048576K
}
Event: 47071.368 GC heap before
{Heap before GC invocations=56 (full 2):
 garbage-first heap   total 48128K, used 37396K [0x0000000088c00000, 0x0000000100000000)
  region size 1024K, 25 young (25600K), 1 survivors (1024K)
 Metaspace       used 29315K, capacity 30654K, committed 30976K, reserved 1077248K
  class space    used 3516K, capacity 4043K, committed 4096K, reserved 1048576K
}
Event: 47071.370 GC heap after
{Heap after GC invocations=57 (full 2):
 garbage-first heap   total 48128K, used 12818K [0x0000000088c00000, 0x0000000100000000)
  region size 1024K, 1 young (1024K), 1 survivors (1024K)
 Metaspace       used 29315K, capacity 30654K, committed 30976K, reserved 1077248K
  class space    used 3516K, capacity 4043K, committed 4096K, reserved 1048576K
}
Event: 48093.019 GC heap before
{Heap before GC invocations=57 (full 2):
 garbage-first heap   total 48128K, used 37394K [0x0000000088c00000, 0x0000000100000000)
  region size 1024K, 25 young (25600K), 1 survivors (1024K)
 Metaspace       used 29315K, capacity 30654K, committed 30976K, reserved 1077248K
  class space    used 3516K, capacity 4043K, committed 4096K, reserved 1048576K
}
Event: 48093.019 GC heap after
{Heap after GC invocations=58 (full 2):
 garbage-first heap   total 48128K, used 12824K [0x0000000088c00000, 0x0000000100000000)
  region size 1024K, 1 young (1024K), 1 survivors (1024K)
 Metaspace       used 29315K, capacity 30654K, committed 30976K, reserved 1077248K
  class space    used 3516K, capacity 4043K, committed 4096K, reserved 1048576K
}
Event: 49113.480 GC heap before
{Heap before GC invocations=58 (full 2):
 garbage-first heap   total 48128K, used 37400K [0x0000000088c00000, 0x0000000100000000)
  region size 1024K, 25 young (25600K), 1 survivors (1024K)
 Metaspace       used 29317K, capacity 30654K, committed 30976K, reserved 1077248K
  class space    used 3516K, capacity 4043K, committed 4096K, reserved 1048576K
}
Event: 49113.503 GC heap after
{Heap after GC invocations=59 (full 2):
 garbage-first heap   total 48128K, used 12810K [0x0000000088c00000, 0x0000000100000000)
  region size 1024K, 1 young (1024K), 1 survivors (1024K)
 Metaspace       used 29317K, capacity 30654K, committed 30976K, reserved 1077248K
  class space    used 3516K, capacity 4043K, committed 4096K, reserved 1048576K
}
Event: 50133.799 GC heap before
{Heap before GC invocations=59 (full 2):
 garbage-first heap   total 48128K, used 37386K [0x0000000088c00000, 0x0000000100000000)
  region size 1024K, 25 young (25600K), 1 survivors (1024K)
 Metaspace       used 29317K, capacity 30654K, committed 30976K, reserved 1077248K
  class space    used 3516K, capacity 4043K, committed 4096K, reserved 1048576K
}
Event: 50133.800 GC heap after
{Heap after GC invocations=60 (full 2):
 garbage-first heap   total 48128K, used 12826K [0x0000000088c00000, 0x0000000100000000)
  region size 1024K, 1 young (1024K), 1 survivors (1024K)
 Metaspace       used 29317K, capacity 30654K, committed 30976K, reserved 1077248K
  class space    used 3516K, capacity 4043K, committed 4096K, reserved 1048576K
}
Event: 51153.942 GC heap before
{Heap before GC invocations=60 (full 2):
 garbage-first heap   total 48128K, used 37402K [0x0000000088c00000, 0x0000000100000000)
  region size 1024K, 25 young (25600K), 1 survivors (1024K)
 Metaspace       used 29317K, capacity 30654K, committed 30976K, reserved 1077248K
  class space    used 3516K, capacity 4043K, committed 4096K, reserved 1048576K
}
Event: 51153.942 GC heap after
{Heap after GC invocations=61 (full 2):
 garbage-first heap   total 48128K, used 12822K [0x0000000088c00000, 0x0000000100000000)
  region size 1024K, 1 young (1024K), 1 survivors (1024K)
 Metaspace       used 29317K, capacity 30654K, committed 30976K, reserved 1077248K
  class space    used 3516K, capacity 4043K, committed 4096K, reserved 1048576K
}
Event: 52175.690 GC heap before
{Heap before GC invocations=61 (full 2):
 garbage-first heap   total 48128K, used 37398K [0x0000000088c00000, 0x0000000100000000)
  region size 1024K, 25 young (25600K), 1 survivors (1024K)
 Metaspace       used 29317K, capacity 30654K, committed 30976K, reserved 1077248K
  class space    used 3516K, capacity 4043K, committed 4096K, reserved 1048576K
}
Event: 52175.700 GC heap after
{Heap after GC invocations=62 (full 2):
 garbage-first heap   total 48128K, used 12822K [0x0000000088c00000, 0x0000000100000000)
  region size 1024K, 1 young (1024K), 1 survivors (1024K)
 Metaspace       used 29317K, capacity 30654K, committed 30976K, reserved 1077248K
  class space    used 3516K, capacity 4043K, committed 4096K, reserved 1048576K
}
Event: 53062.186 GC heap before
{Heap before GC invocations=62 (full 2):
 garbage-first heap   total 48128K, used 34326K [0x0000000088c00000, 0x0000000100000000)
  region size 1024K, 23 young (23552K), 1 survivors (1024K)
 Metaspace       used 29320K, capacity 30660K, committed 30976K, reserved 1077248K
  class space    used 3517K, capacity 4045K, committed 4096K, reserved 1048576K
}

